<?xml version="1.0" encoding="UTF-8"?>
<!-- Generated by org.testng.reporters.JUnitXMLReporter -->
<testsuite ignored="0" hostname="DESKTOP-KAK2E0B" failures="0" tests="4" name="FirefoxTest" time="32.108" errors="0" timestamp="2023-10-11T08:17:45 GST">
  <testcase classname="pack.LinksTesting1" name="linktesting1" time="0.699"/>
  <testcase classname="pack.RadioButton1" name="radioButtonTest" time="0.095"/>
  <testcase classname="pack.TNG_001" name="amazon" time="4.861"/>
  <testcase classname="pack.CheckBox1" name="checkboxTest" time="0.087"/>
</testsuite> <!-- FirefoxTest -->
