<?xml version="1.0" encoding="UTF-8"?>
<!-- Generated by org.testng.reporters.JUnitXMLReporter -->
<testsuite ignored="0" hostname="DESKTOP-KAK2E0B" failures="0" tests="4" name="RegressionTest" time="27.062" errors="0" timestamp="2023-10-05T12:43:10 GST">
  <testcase classname="pack.LinksTesting1" name="linktesting1" time="0.941"/>
  <testcase classname="pack.RadioButton1" name="radioButtonTest" time="0.223"/>
  <testcase classname="pack.TNG_001" name="amazon" time="3.117"/>
  <testcase classname="pack.CheckBox1" name="checkboxTest" time="0.127"/>
</testsuite> <!-- RegressionTest -->
