<?xml version="1.0" encoding="UTF-8"?>
<testng-results skipped="0" failed="0" ignored="0" total="1" passed="1">
  <reporter-output>
  </reporter-output>
  <suite name="Suite" duration-ms="9433" started-at="2023-12-20T18:48:15Z" finished-at="2023-12-20T18:48:24Z">
    <groups>
      <group name="regression">
        <method signature="CheckBox1.checkboxTest()[pri:0, instance:pack.CheckBox1@4690b489]" name="checkboxTest" class="pack.CheckBox1"/>
      </group> <!-- regression -->
      <group name="smoke">
        <method signature="CheckBox1.checkboxTest()[pri:0, instance:pack.CheckBox1@4690b489]" name="checkboxTest" class="pack.CheckBox1"/>
      </group> <!-- smoke -->
    </groups>
    <test name="Test" duration-ms="9433" started-at="2023-12-20T18:48:15Z" finished-at="2023-12-20T18:48:24Z">
      <class name="pack.CheckBox1">
        <test-method status="PASS" signature="beforeMethod(java.lang.String)[pri:0, instance:pack.CheckBox1@4690b489]" name="beforeMethod" is-config="true" duration-ms="8258" started-at="2023-12-20T18:48:15Z" finished-at="2023-12-20T18:48:23Z">
          <params>
            <param index="0">
              <value>
                <![CDATA[chrome]]>
              </value>
            </param>
          </params>
          <reporter-output>
          </reporter-output>
        </test-method> <!-- beforeMethod -->
        <test-method status="PASS" signature="checkboxTest()[pri:0, instance:pack.CheckBox1@4690b489]" name="checkboxTest" duration-ms="144" started-at="2023-12-20T18:48:23Z" finished-at="2023-12-20T18:48:23Z">
          <reporter-output>
          </reporter-output>
        </test-method> <!-- checkboxTest -->
        <test-method status="PASS" signature="afterMethod()[pri:0, instance:pack.CheckBox1@4690b489]" name="afterMethod" is-config="true" duration-ms="1014" started-at="2023-12-20T18:48:23Z" finished-at="2023-12-20T18:48:24Z">
          <reporter-output>
          </reporter-output>
        </test-method> <!-- afterMethod -->
      </class> <!-- pack.CheckBox1 -->
    </test> <!-- Test -->
  </suite> <!-- Suite -->
</testng-results>
