<?xml version="1.0" encoding="UTF-8"?>
<testng-results ignored="0" total="1" passed="1" failed="0" skipped="0">
  <reporter-output>
  </reporter-output>
  <suite started-at="2023-12-20T22:17:52 GST" name="Suite" finished-at="2023-12-20T22:18:00 GST" duration-ms="7778">
    <groups>
      <group name="regression">
        <method signature="CheckBox1.checkboxTest()[pri:0, instance:pack.CheckBox1@351d00c0]" name="checkboxTest" class="pack.CheckBox1"/>
      </group> <!-- regression -->
      <group name="smoke">
        <method signature="CheckBox1.checkboxTest()[pri:0, instance:pack.CheckBox1@351d00c0]" name="checkboxTest" class="pack.CheckBox1"/>
      </group> <!-- smoke -->
    </groups>
    <test started-at="2023-12-20T22:17:52 GST" name="Test" finished-at="2023-12-20T22:18:00 GST" duration-ms="7778">
      <class name="pack.CheckBox1">
        <test-method is-config="true" signature="beforeMethod(java.lang.String)[pri:0, instance:pack.CheckBox1@351d00c0]" started-at="2023-12-20T22:17:52 GST" name="beforeMethod" finished-at="2023-12-20T22:17:59 GST" duration-ms="6930" status="PASS">
          <params>
            <param index="0">
              <value>
                <![CDATA[chrome]]>
              </value>
            </param>
          </params>
          <reporter-output>
          </reporter-output>
        </test-method> <!-- beforeMethod -->
        <test-method signature="checkboxTest()[pri:0, instance:pack.CheckBox1@351d00c0]" started-at="2023-12-20T22:17:59 GST" name="checkboxTest" finished-at="2023-12-20T22:17:59 GST" duration-ms="112" status="PASS">
          <reporter-output>
          </reporter-output>
        </test-method> <!-- checkboxTest -->
        <test-method is-config="true" signature="afterMethod()[pri:0, instance:pack.CheckBox1@351d00c0]" started-at="2023-12-20T22:17:59 GST" name="afterMethod" finished-at="2023-12-20T22:18:00 GST" duration-ms="691" status="PASS">
          <reporter-output>
          </reporter-output>
        </test-method> <!-- afterMethod -->
      </class> <!-- pack.CheckBox1 -->
    </test> <!-- Test -->
  </suite> <!-- Suite -->
</testng-results>
