<?xml version="1.0" encoding="UTF-8"?>
<!-- Generated by org.testng.reporters.JUnitXMLReporter -->
<testsuite ignored="0" hostname="DESKTOP-KAK2E0B" failures="0" tests="6" name="TestAB" time="24.117" errors="0" timestamp="2023-10-11T08:40:14 GST">
  <testcase classname="suiteB.TestB1" name="f" time="4.007"/>
  <testcase classname="suiteA.TestA2" name="f" time="4.004"/>
  <testcase classname="suiteA.TestA3" name="f" time="4.013"/>
  <testcase classname="suiteB.TestB3" name="f" time="4.014"/>
  <testcase classname="suiteA.TestA1" name="f" time="4.016"/>
  <testcase classname="suiteB.TestB2" name="f" time="4.007"/>
</testsuite> <!-- TestAB -->
